<?xml version="1.0" encoding="UTF-8"?>
<!-- Generated by org.testng.reporters.JUnitReportReporter -->
<testsuite hostname="DESKTOP-380NT8V" failures="0" tests="1" name="com.training.testcases.LeadsTest" time="32.706" errors="0" timestamp="2024-03-29T19:02:28 MST" skipped="0">
  <testcase classname="com.training.testcases.LeadsTest" name="NewbuttonLeadsHome_TC24" time="32.706"/>
  <system-out/>
</testsuite> <!-- com.training.testcases.LeadsTest -->
