<?xml version="1.0" encoding="UTF-8"?>
<!-- Generated by org.testng.reporters.JUnitReportReporter -->
<testsuite hostname="DESKTOP-380NT8V" failures="0" tests="1" name="com.training.testcases.AccountsTest" time="41.420" errors="0" timestamp="2024-04-04T08:14:38 MST" skipped="0">
  <testcase classname="com.training.testcases.AccountsTest" name="CreateAccountReport_TC14" time="41.420"/>
  <system-out/>
</testsuite> <!-- com.training.testcases.AccountsTest -->
