<?xml version="1.0" encoding="UTF-8"?>
<!-- Generated by org.testng.reporters.JUnitReportReporter -->
<testsuite hostname="DESKTOP-380NT8V" failures="0" tests="1" name="com.training.testcases.HomeTest" time="48.891" errors="0" timestamp="2024-04-05T09:15:00 MST" skipped="0">
  <testcase classname="com.training.testcases.HomeTest" name="Blockinganeventinthecalenderwithweeklyrecurrance_TC37" time="48.891"/>
  <system-out/>
</testsuite> <!-- com.training.testcases.HomeTest -->
