<?xml version="1.0" encoding="UTF-8"?>
<!-- Generated by org.testng.reporters.JUnitReportReporter -->
<testsuite hostname="DESKTOP-380NT8V" failures="0" tests="5" name="com.training.testcases.LoginTest" time="55.809" errors="0" timestamp="2024-03-28T18:47:48 MST" skipped="0">
  <testcase classname="com.training.testcases.LoginTest" name="ForgotPassword_TC4A" time="6.491"/>
  <system-out/>
  <testcase classname="com.training.testcases.LoginTest" name="LoginToSalesForce_TC2" time="10.790"/>
  <system-out/>
  <testcase classname="com.training.testcases.LoginTest" name="CheckRemeberMe_TC3" time="14.877"/>
  <system-out/>
  <testcase classname="com.training.testcases.LoginTest" name="ForgotPassword_4B" time="12.224"/>
  <system-out/>
  <testcase classname="com.training.testcases.LoginTest" name="LoginErrorMessage_TC1" time="11.427"/>
  <system-out/>
</testsuite> <!-- com.training.testcases.LoginTest -->
