<?xml version="1.0" encoding="UTF-8"?>
<!-- Generated by org.testng.reporters.JUnitReportReporter -->
<testsuite hostname="DESKTOP-380NT8V" failures="0" tests="1" name="com.training.testcases.ContactsTest" time="24.174" errors="0" timestamp="2024-03-30T06:46:19 MST" skipped="0">
  <testcase classname="com.training.testcases.ContactsTest" name="NewAndSaveButtonInNewContactPage_TC32" time="24.174"/>
  <system-out/>
</testsuite> <!-- com.training.testcases.ContactsTest -->
