<?xml version="1.0" encoding="UTF-8"?>
<!-- Generated by org.testng.reporters.JUnitReportReporter -->
<testsuite hostname="DESKTOP-380NT8V" failures="0" tests="1" name="com.training.testcases.OpportunityTest" time="18.765" errors="0" timestamp="2024-03-29T17:30:53 MST" skipped="0">
  <testcase classname="com.training.testcases.OpportunityTest" name="QuarterlySummaryReport_TC19" time="18.765"/>
  <system-out/>
</testsuite> <!-- com.training.testcases.OpportunityTest -->
